<?xml version="1.0" encoding="UTF-8"?>
<testng-results skipped="0" failed="0" ignored="0" total="1" passed="1">
  <reporter-output>
  </reporter-output>
  <suite name="Suite" duration-ms="15771" started-at="2018-01-31T08:19:10Z" finished-at="2018-01-31T08:19:26Z">
    <groups>
    </groups>
    <test name="Test" duration-ms="15771" started-at="2018-01-31T08:19:10Z" finished-at="2018-01-31T08:19:26Z">
      <class name="Project1.JenkinsTest.Class1">
        <test-method status="PASS" signature="testMethod1()[pri:0, instance:Project1.JenkinsTest.Class1@66d33a]" name="testMethod1" duration-ms="15750" started-at="2018-01-31T13:49:10Z" finished-at="2018-01-31T13:49:26Z">
          <reporter-output>
          </reporter-output>
        </test-method> <!-- testMethod1 -->
      </class> <!-- Project1.JenkinsTest.Class1 -->
    </test> <!-- Test -->
  </suite> <!-- Suite -->
</testng-results>
