<?xml version="1.0" encoding="UTF-8"?>
<testng-results skipped="0" failed="0" ignored="0" total="1" passed="1">
  <reporter-output>
  </reporter-output>
  <suite name="Default suite" duration-ms="15305" started-at="2018-01-31T09:00:19Z" finished-at="2018-01-31T09:00:34Z">
    <groups>
    </groups>
    <test name="Default test" duration-ms="15305" started-at="2018-01-31T09:00:19Z" finished-at="2018-01-31T09:00:34Z">
      <class name="Project1.JenkinsTest.Class1">
        <test-method status="PASS" signature="testMethod1()[pri:0, instance:Project1.JenkinsTest.Class1@4678c730]" name="testMethod1" duration-ms="15281" started-at="2018-01-31T14:30:19Z" finished-at="2018-01-31T14:30:34Z">
          <reporter-output>
          </reporter-output>
        </test-method> <!-- testMethod1 -->
      </class> <!-- Project1.JenkinsTest.Class1 -->
    </test> <!-- Default test -->
  </suite> <!-- Default suite -->
</testng-results>
